<?xml version="1.0" encoding="UTF-8"?>
<!-- Generated by org.testng.reporters.JUnitReportReporter -->
<testsuite hostname="5S5MRR9HEC69H" failures="0" tests="1" name="Frame.Mobiletest" time="4.686" errors="0" timestamp="2024-04-10T12:29:48 IST" skipped="0">
  <testcase classname="Frame.Mobiletest" name="shoes" time="4.686"/>
  <system-out/>
</testsuite> <!-- Frame.Mobiletest -->
